2019-05-09 16:13:02,724 - werkzeug - INFO - 172.17.0.1 - - [09/May/2019 16:13:02] "POST /socket.io/?EIO=3&transport=polling&t=1557418382698-1&sid=996bd82baf8f4c5e8fa1d226f7f654be HTTP/1.1" 200 -
2019-05-09 16:13:02,724 - SurveillanceWebServer - INFO - {'url': u'rtsp://192.168.1.3:8080/h264_pcm.sdp', 'camNum': 0}
2019-05-09 16:13:02,737 - werkzeug - INFO - 172.17.0.1 - - [09/May/2019 16:13:02] "GET /socket.io/?EIO=3&transport=polling&t=1557418382701-2&sid=996bd82baf8f4c5e8fa1d226f7f654be HTTP/1.1" 200 -
2019-05-09 16:13:02,750 - werkzeug - INFO - 172.17.0.1 - - [09/May/2019 16:13:02] "GET /video_streamer/0 HTTP/1.1" 200 -
2019-05-09 16:13:04,576 - SurveillanceWebServer - INFO - FPS: 6.2478910179 6.43045280966
2019-05-09 16:13:04,915 - werkzeug - INFO - 172.17.0.1 - - [09/May/2019 16:13:04] "GET /socket.io/?EIO=3&transport=polling&t=1557418382739-3&sid=996bd82baf8f4c5e8fa1d226f7f654be HTTP/1.1" 200 -
2019-05-09 16:13:05,036 - werkzeug - INFO - 172.17.0.1 - - [09/May/2019 16:13:05] "GET /socket.io/?EIO=3&transport=polling&t=1557418384921-4&sid=996bd82baf8f4c5e8fa1d226f7f654be HTTP/1.1" 200 -
2019-05-09 16:13:06,701 - SurveillanceWebServer - INFO - CPU Load: 50.2
2019-05-09 16:13:06,702 - SurveillanceWebServer - INFO - System Memory Usage: 36.5
2019-05-09 16:13:06,705 - werkzeug - INFO - 172.17.0.1 - - [09/May/2019 16:13:06] "GET /socket.io/?EIO=3&transport=polling&t=1557418385038-5&sid=996bd82baf8f4c5e8fa1d226f7f654be HTTP/1.1" 200 -
2019-05-09 16:13:09,707 - SurveillanceWebServer - INFO - FPS: 8.71194003861 7.04624481188
2019-05-09 16:13:11,832 - SurveillanceWebServer - INFO - CPU Load: 44.3
2019-05-09 16:13:11,832 - SurveillanceWebServer - INFO - System Memory Usage: 36.5
2019-05-09 16:13:14,835 - SurveillanceWebServer - INFO - FPS: 6.88408822396 8.92377765447
2019-05-09 16:13:16,960 - SurveillanceWebServer - INFO - CPU Load: 45.4
2019-05-09 16:13:16,960 - SurveillanceWebServer - INFO - System Memory Usage: 36.5
2019-05-09 16:13:19,964 - SurveillanceWebServer - INFO - FPS: 7.30795616241 8.26013644583
2019-05-09 16:13:22,088 - SurveillanceWebServer - INFO - CPU Load: 29.8
2019-05-09 16:13:22,088 - SurveillanceWebServer - INFO - System Memory Usage: 36.9
2019-05-09 16:13:25,091 - SurveillanceWebServer - INFO - FPS: 7.71032788578 8.87042087667
2019-05-09 16:13:27,214 - SurveillanceWebServer - INFO - CPU Load: 30.5
2019-05-09 16:13:27,214 - SurveillanceWebServer - INFO - System Memory Usage: 36.9
2019-05-09 16:13:27,992 - werkzeug - INFO - 172.17.0.1 - - [09/May/2019 16:13:27] "POST /socket.io/?EIO=3&transport=polling&t=1557418407988-6&sid=996bd82baf8f4c5e8fa1d226f7f654be HTTP/1.1" 200 -
2019-05-09 16:13:30,217 - SurveillanceWebServer - INFO - FPS: 7.89235017492 7.87637281951
2019-05-09 16:13:32,341 - SurveillanceWebServer - INFO - CPU Load: 40.9
2019-05-09 16:13:32,341 - SurveillanceWebServer - INFO - System Memory Usage: 37.0
2019-05-09 16:13:35,348 - SurveillanceWebServer - INFO - FPS: 6.09883053634 9.83446747428
2019-05-09 16:13:36,944 - SurveillanceWebServer - INFO - {'confidence': 49, 'thumbnailNum': 1, 'prediction': 'jonathan', 'camera': 0, 'timeD': 'Thursday 09 May 2019 06:13:35PM', 'identity': 'person20190509161335240'}
2019-05-09 16:13:37,497 - SurveillanceWebServer - INFO - CPU Load: 45.7
2019-05-09 16:13:37,500 - SurveillanceWebServer - INFO - System Memory Usage: 37.1
2019-05-09 16:13:40,504 - SurveillanceWebServer - INFO - FPS: 3.26518902185 9.49157451862
2019-05-09 16:13:40,954 - SurveillanceWebServer - INFO - {'confidence': 46, 'thumbnailNum': 5, 'prediction': 'jonathan', 'camera': 0, 'timeD': 'Thursday 09 May 2019 06:13:40PM', 'identity': 'person20190509161335240'}
2019-05-09 16:13:42,638 - SurveillanceWebServer - INFO - CPU Load: 69.0
2019-05-09 16:13:42,639 - SurveillanceWebServer - INFO - System Memory Usage: 37.2
2019-05-09 16:13:44,960 - SurveillanceWebServer - INFO - {'confidence': 47, 'thumbnailNum': 7, 'prediction': 'unknown', 'camera': 0, 'timeD': 'Thursday 09 May 2019 06:13:42PM', 'identity': 'person20190509161335240'}
2019-05-09 16:13:45,642 - SurveillanceWebServer - INFO - FPS: 11.1734733157 6.94727148049
2019-05-09 16:13:47,768 - SurveillanceWebServer - INFO - CPU Load: 60.1
2019-05-09 16:13:47,768 - SurveillanceWebServer - INFO - System Memory Usage: 37.2
2019-05-09 16:13:48,968 - SurveillanceWebServer - INFO - {'confidence': 47, 'thumbnailNum': 7, 'prediction': 'unknown', 'camera': 0, 'timeD': 'Thursday 09 May 2019 06:13:42PM', 'identity': 'person20190509161335240'}
2019-05-09 16:13:48,970 - SurveillanceWebServer - INFO - Client disconnected
2019-05-09 16:13:50,771 - SurveillanceWebServer - INFO - FPS: 8.83907371367 8.2729292844
2019-05-09 16:13:52,895 - SurveillanceWebServer - INFO - CPU Load: 90.5
2019-05-09 16:13:52,896 - SurveillanceWebServer - INFO - System Memory Usage: 37.2
2019-05-09 16:13:52,976 - SurveillanceWebServer - INFO - {'confidence': 62, 'thumbnailNum': 3, 'prediction': 'unknown', 'camera': 0, 'timeD': 'Thursday 09 May 2019 06:13:52PM', 'identity': 'person20190509161335240'}
2019-05-09 16:13:55,901 - SurveillanceWebServer - INFO - FPS: 10.3243050758 8.54255509386
2019-05-09 16:13:56,979 - SurveillanceWebServer - INFO - {'confidence': 70, 'thumbnailNum': 6, 'prediction': 'unknown', 'camera': 0, 'timeD': 'Thursday 09 May 2019 06:13:55PM', 'identity': 'person20190509161335240'}
2019-05-09 16:13:58,026 - SurveillanceWebServer - INFO - CPU Load: 43.3
2019-05-09 16:13:58,027 - SurveillanceWebServer - INFO - System Memory Usage: 37.2
2019-05-09 16:14:00,984 - SurveillanceWebServer - INFO - {'confidence': 70, 'thumbnailNum': 6, 'prediction': 'unknown', 'camera': 0, 'timeD': 'Thursday 09 May 2019 06:13:55PM', 'identity': 'person20190509161335240'}
2019-05-09 16:14:01,029 - SurveillanceWebServer - INFO - FPS: 9.26809797898 9.14834113816
2019-05-09 16:14:03,152 - SurveillanceWebServer - INFO - CPU Load: 46.1
2019-05-09 16:14:03,152 - SurveillanceWebServer - INFO - System Memory Usage: 37.2
2019-05-09 16:14:04,988 - SurveillanceWebServer - INFO - {'confidence': 70, 'thumbnailNum': 6, 'prediction': 'unknown', 'camera': 0, 'timeD': 'Thursday 09 May 2019 06:13:55PM', 'identity': 'person20190509161335240'}
2019-05-09 16:14:06,156 - SurveillanceWebServer - INFO - FPS: 8.71361117411 9.57371960211
2019-05-09 16:14:08,281 - SurveillanceWebServer - INFO - CPU Load: 41.7
2019-05-09 16:14:08,282 - SurveillanceWebServer - INFO - System Memory Usage: 37.2
2019-05-09 16:14:08,995 - SurveillanceWebServer - INFO - {'confidence': 70, 'thumbnailNum': 6, 'prediction': 'unknown', 'camera': 0, 'timeD': 'Thursday 09 May 2019 06:13:55PM', 'identity': 'person20190509161335240'}
2019-05-09 16:14:11,284 - SurveillanceWebServer - INFO - FPS: 1.52291459062 3.48705178753
2019-05-09 16:14:13,000 - SurveillanceWebServer - INFO - {'confidence': 70, 'thumbnailNum': 6, 'prediction': 'unknown', 'camera': 0, 'timeD': 'Thursday 09 May 2019 06:13:55PM', 'identity': 'person20190509161335240'}
2019-05-09 16:14:13,409 - SurveillanceWebServer - INFO - CPU Load: 45.6
2019-05-09 16:14:13,411 - SurveillanceWebServer - INFO - System Memory Usage: 37.2
2019-05-09 16:14:16,413 - SurveillanceWebServer - INFO - FPS: 1.52291459062 8.20565472231
2019-05-09 16:14:17,004 - SurveillanceWebServer - INFO - {'confidence': 70, 'thumbnailNum': 6, 'prediction': 'unknown', 'camera': 0, 'timeD': 'Thursday 09 May 2019 06:13:55PM', 'identity': 'person20190509161335240'}
2019-05-09 16:14:18,538 - SurveillanceWebServer - INFO - CPU Load: 45.9
2019-05-09 16:14:18,540 - SurveillanceWebServer - INFO - System Memory Usage: 37.2
2019-05-09 16:14:21,007 - SurveillanceWebServer - INFO - {'confidence': 70, 'thumbnailNum': 6, 'prediction': 'unknown', 'camera': 0, 'timeD': 'Thursday 09 May 2019 06:13:55PM', 'identity': 'person20190509161335240'}
2019-05-09 16:14:21,544 - SurveillanceWebServer - INFO - FPS: 1.06524008324 7.0652404248
2019-05-09 16:14:23,667 - SurveillanceWebServer - INFO - CPU Load: 46.2
2019-05-09 16:14:23,669 - SurveillanceWebServer - INFO - System Memory Usage: 37.2
2019-05-09 16:14:25,011 - SurveillanceWebServer - INFO - {'confidence': 70, 'thumbnailNum': 6, 'prediction': 'unknown', 'camera': 0, 'timeD': 'Thursday 09 May 2019 06:13:55PM', 'identity': 'person20190509161335240'}
